AUGUSTUS/3.5.0: A read-only config directory is at $AUGUSTUS_CONFIG_PATH. See 'module help AUGUSTUS/3.5.0' for guidance to create your own writable copy.
BBMap/39.19: For improved speed, add 'usejni=t' to the command line of BBMap tools which support the use of the compiled jni C code.
BUSCO/5.8.2: see 'module help BUSCO/5.8.2' for availability of lineage sets
2026-04-11 13:59:37 INFO:	***** Start a BUSCO v5.8.2 analysis, current time: 04/11/2026 13:59:37 *****
2026-04-11 13:59:37 INFO:	Configuring BUSCO with /sw/arch/eb/software/BUSCO/5.8.2-gfbf-2024a/config/config.ini
2026-04-11 13:59:37 INFO:	Running genome mode
2026-04-11 13:59:37 INFO:	Downloading information on latest versions of BUSCO data...
2026-04-11 13:59:38 INFO:	Input file is /home/gretap/Genome_analysis/data/genome_assemblies/efaecium_pacbio_assembly.contigs.fasta
2026-04-11 13:59:38 INFO:	Running BUSCO using lineage dataset firmicutes_odb10 (prokaryota, 2024-01-08)
2026-04-11 13:59:38 INFO:	Running 1 job(s) on bbtools, starting at 04/11/2026 13:59:38
2026-04-11 13:59:38 INFO:	Note: detected 96 virtual cores but NumExpr set to maximum of 64, check "NUMEXPR_MAX_THREADS" environment variable.
2026-04-11 13:59:38 INFO:	Note: NumExpr detected 96 cores but "NUMEXPR_MAX_THREADS" not set, so enforcing safe limit of 8.
2026-04-11 13:59:38 INFO:	NumExpr defaulting to 8 threads.
2026-04-11 13:59:38 INFO:	Note: detected 96 virtual cores but NumExpr set to maximum of 64, check "NUMEXPR_MAX_THREADS" environment variable.
2026-04-11 13:59:38 INFO:	Note: NumExpr detected 96 cores but "NUMEXPR_MAX_THREADS" not set, so enforcing safe limit of 8.
2026-04-11 13:59:38 INFO:	NumExpr defaulting to 8 threads.
2026-04-11 13:59:39 INFO:	[bbtools]	1 of 1 task(s) completed
2026-04-11 13:59:39 INFO:	***** Run Prodigal on input to predict and extract genes *****
2026-04-11 13:59:39 INFO:	Running Prodigal with genetic code 11 in single mode
2026-04-11 13:59:39 INFO:	Running 1 job(s) on prodigal, starting at 04/11/2026 13:59:39
2026-04-11 13:59:39 INFO:	Note: detected 96 virtual cores but NumExpr set to maximum of 64, check "NUMEXPR_MAX_THREADS" environment variable.
2026-04-11 13:59:39 INFO:	Note: NumExpr detected 96 cores but "NUMEXPR_MAX_THREADS" not set, so enforcing safe limit of 8.
2026-04-11 13:59:39 INFO:	NumExpr defaulting to 8 threads.
2026-04-11 13:59:42 INFO:	[prodigal]	1 of 1 task(s) completed
2026-04-11 13:59:42 INFO:	Genetic code 11 selected as optimal
2026-04-11 13:59:42 INFO:	***** Run HMMER on gene sequences *****
2026-04-11 13:59:42 INFO:	Running 218 job(s) on hmmsearch, starting at 04/11/2026 13:59:42
2026-04-11 13:59:42 INFO:	Note: detected 96 virtual cores but NumExpr set to maximum of 64, check "NUMEXPR_MAX_THREADS" environment variable.
2026-04-11 13:59:42 INFO:	Note: detected 96 virtual cores but NumExpr set to maximum of 64, check "NUMEXPR_MAX_THREADS" environment variable.
2026-04-11 13:59:42 INFO:	Note: NumExpr detected 96 cores but "NUMEXPR_MAX_THREADS" not set, so enforcing safe limit of 8.
2026-04-11 13:59:42 INFO:	Note: NumExpr detected 96 cores but "NUMEXPR_MAX_THREADS" not set, so enforcing safe limit of 8.
2026-04-11 13:59:42 INFO:	NumExpr defaulting to 8 threads.
2026-04-11 13:59:42 INFO:	NumExpr defaulting to 8 threads.
2026-04-11 13:59:44 INFO:	[hmmsearch]	22 of 218 task(s) completed
2026-04-11 13:59:44 INFO:	[hmmsearch]	44 of 218 task(s) completed
2026-04-11 13:59:45 INFO:	[hmmsearch]	66 of 218 task(s) completed
2026-04-11 13:59:46 INFO:	[hmmsearch]	88 of 218 task(s) completed
2026-04-11 13:59:47 INFO:	[hmmsearch]	110 of 218 task(s) completed
2026-04-11 13:59:47 INFO:	[hmmsearch]	131 of 218 task(s) completed
2026-04-11 13:59:48 INFO:	[hmmsearch]	153 of 218 task(s) completed
2026-04-11 13:59:48 INFO:	[hmmsearch]	175 of 218 task(s) completed
2026-04-11 13:59:49 INFO:	[hmmsearch]	197 of 218 task(s) completed
2026-04-11 13:59:50 INFO:	[hmmsearch]	218 of 218 task(s) completed
2026-04-11 13:59:51 INFO:	Results:	C:99.1%[S:97.2%,D:1.8%],F:0.9%,M:0.0%,n:218	   

2026-04-11 13:59:51 INFO:	

    ---------------------------------------------------
    |Results from dataset firmicutes_odb10             |
    ---------------------------------------------------
    |C:99.1%[S:97.2%,D:1.8%],F:0.9%,M:0.0%,n:218       |
    |216    Complete BUSCOs (C)                        |
    |212    Complete and single-copy BUSCOs (S)        |
    |4    Complete and duplicated BUSCOs (D)           |
    |2    Fragmented BUSCOs (F)                        |
    |0    Missing BUSCOs (M)                           |
    |218    Total BUSCO groups searched                |
    ---------------------------------------------------
2026-04-11 13:59:51 INFO:	BUSCO analysis done. Total running time: 13 seconds
2026-04-11 13:59:51 INFO:	Results written in /home/gretap/Genome_analysis/results/04_post_assembly_qc/02_canu_spades_busco/canu_f
2026-04-11 13:59:51 INFO:	For assistance with interpreting the results, please consult the userguide: https://busco.ezlab.org/busco_userguide.html

2026-04-11 13:59:51 INFO:	Visit this page https://gitlab.com/ezlab/busco#how-to-cite-busco to see how to cite BUSCO
2026-04-11 13:59:51 INFO:	***** Start a BUSCO v5.8.2 analysis, current time: 04/11/2026 13:59:51 *****
2026-04-11 13:59:51 INFO:	Configuring BUSCO with /sw/arch/eb/software/BUSCO/5.8.2-gfbf-2024a/config/config.ini
2026-04-11 13:59:51 INFO:	Running genome mode
2026-04-11 13:59:51 INFO:	Downloading information on latest versions of BUSCO data...
2026-04-11 13:59:51 INFO:	Input file is /home/gretap/Genome_analysis/data/genome_assemblies/efaecium_spades_assembly.fasta
2026-04-11 13:59:52 INFO:	Running BUSCO using lineage dataset firmicutes_odb10 (prokaryota, 2024-01-08)
2026-04-11 13:59:52 INFO:	Running 1 job(s) on bbtools, starting at 04/11/2026 13:59:52
2026-04-11 13:59:52 INFO:	Note: detected 96 virtual cores but NumExpr set to maximum of 64, check "NUMEXPR_MAX_THREADS" environment variable.
2026-04-11 13:59:52 INFO:	Note: NumExpr detected 96 cores but "NUMEXPR_MAX_THREADS" not set, so enforcing safe limit of 8.
2026-04-11 13:59:52 INFO:	NumExpr defaulting to 8 threads.
2026-04-11 13:59:52 INFO:	Note: detected 96 virtual cores but NumExpr set to maximum of 64, check "NUMEXPR_MAX_THREADS" environment variable.
2026-04-11 13:59:52 INFO:	Note: NumExpr detected 96 cores but "NUMEXPR_MAX_THREADS" not set, so enforcing safe limit of 8.
2026-04-11 13:59:52 INFO:	NumExpr defaulting to 8 threads.
2026-04-11 13:59:53 INFO:	[bbtools]	1 of 1 task(s) completed
2026-04-11 13:59:53 INFO:	***** Run Prodigal on input to predict and extract genes *****
2026-04-11 13:59:53 INFO:	Running Prodigal with genetic code 11 in single mode
2026-04-11 13:59:53 INFO:	Running 1 job(s) on prodigal, starting at 04/11/2026 13:59:53
2026-04-11 13:59:53 INFO:	Note: detected 96 virtual cores but NumExpr set to maximum of 64, check "NUMEXPR_MAX_THREADS" environment variable.
2026-04-11 13:59:53 INFO:	Note: NumExpr detected 96 cores but "NUMEXPR_MAX_THREADS" not set, so enforcing safe limit of 8.
2026-04-11 13:59:53 INFO:	NumExpr defaulting to 8 threads.
2026-04-11 13:59:56 INFO:	[prodigal]	1 of 1 task(s) completed
2026-04-11 13:59:56 INFO:	Genetic code 11 selected as optimal
2026-04-11 13:59:56 INFO:	***** Run HMMER on gene sequences *****
2026-04-11 13:59:56 INFO:	Running 218 job(s) on hmmsearch, starting at 04/11/2026 13:59:56
2026-04-11 13:59:57 INFO:	Note: detected 96 virtual cores but NumExpr set to maximum of 64, check "NUMEXPR_MAX_THREADS" environment variable.
2026-04-11 13:59:57 INFO:	Note: NumExpr detected 96 cores but "NUMEXPR_MAX_THREADS" not set, so enforcing safe limit of 8.
2026-04-11 13:59:57 INFO:	NumExpr defaulting to 8 threads.
2026-04-11 13:59:57 INFO:	Note: detected 96 virtual cores but NumExpr set to maximum of 64, check "NUMEXPR_MAX_THREADS" environment variable.
2026-04-11 13:59:57 INFO:	Note: NumExpr detected 96 cores but "NUMEXPR_MAX_THREADS" not set, so enforcing safe limit of 8.
2026-04-11 13:59:57 INFO:	NumExpr defaulting to 8 threads.
2026-04-11 13:59:58 INFO:	[hmmsearch]	22 of 218 task(s) completed
2026-04-11 13:59:59 INFO:	[hmmsearch]	44 of 218 task(s) completed
2026-04-11 13:59:59 INFO:	[hmmsearch]	66 of 218 task(s) completed
--- Logging error ---
Traceback (most recent call last):
  File "/sw/arch/eb/software/Python/3.12.3-GCCcore-13.3.0/lib/python3.12/logging/__init__.py", line 1164, in emit
    self.flush()
  File "/sw/arch/eb/software/Python/3.12.3-GCCcore-13.3.0/lib/python3.12/logging/__init__.py", line 1144, in flush
    self.stream.flush()
BlockingIOError: [Errno 11] write could not complete without blocking
Call stack:
2026-04-11 14:00:00 INFO:	[hmmsearch]	88 of 218 task(s) completed
  File "<string>", line 1, in <module>
  File "/sw/arch/eb/software/Python/3.12.3-GCCcore-13.3.0/lib/python3.12/multiprocessing/spawn.py", line 122, in spawn_main
    exitcode = _main(fd, parent_sentinel)
  File "/sw/arch/eb/software/Python/3.12.3-GCCcore-13.3.0/lib/python3.12/multiprocessing/spawn.py", line 135, in _main
    return self._bootstrap(parent_sentinel)
  File "/sw/arch/eb/software/Python/3.12.3-GCCcore-13.3.0/lib/python3.12/multiprocessing/process.py", line 314, in _bootstrap
    self.run()
  File "/sw/arch/eb/software/Python/3.12.3-GCCcore-13.3.0/lib/python3.12/multiprocessing/process.py", line 108, in run
    self._target(*self._args, **self._kwargs)
  File "/sw/arch/eb/software/Python/3.12.3-GCCcore-13.3.0/lib/python3.12/multiprocessing/pool.py", line 125, in worker
    result = (True, func(*args, **kwds))
  File "/sw/arch/eb/software/Python/3.12.3-GCCcore-13.3.0/lib/python3.12/multiprocessing/pool.py", line 48, in mapstar
    return list(map(*args))
  File "/sw/arch/eb/software/BUSCO/5.8.2-gfbf-2024a/lib/python3.12/site-packages/busco/busco_tools/Toolset.py", line 196, in run_job
    job.run()
  File "/sw/arch/eb/software/BUSCO/5.8.2-gfbf-2024a/lib/python3.12/site-packages/busco/BuscoLogger.py", line 61, in wrapped_func
    self.format_string(*args)
  File "/sw/arch/eb/software/BUSCO/5.8.2-gfbf-2024a/lib/python3.12/site-packages/busco/BuscoLogger.py", line 133, in format_string
    self.logger.debug(log_msg)
  File "/sw/arch/eb/software/Python/3.12.3-GCCcore-13.3.0/lib/python3.12/logging/__init__.py", line 1527, in debug
    self._log(DEBUG, msg, args, **kwargs)
  File "/sw/arch/eb/software/BUSCO/5.8.2-gfbf-2024a/lib/python3.12/site-packages/busco/BuscoLogger.py", line 220, in _log
    super()._log(*args, **kwargs)
Message: 'cmd call: hmmsearch --domtblout /home/gretap/Genome_analysis/results/04_post_assembly_qc/02_canu_spades_busco/spades_f/run_firmicutes_odb10/hmmer_output/266688at1239.out --cpu 1 /sw/data/local/BUSCO_Data/v5/lineages/firmicutes_odb10/hmms/266688at1239.hmm /home/gretap/Genome_analysis/results/04_post_assembly_qc/02_canu_spades_busco/spades_f/prodigal_output/predicted_genes/predicted.faa'
Arguments: ()
2026-04-11 14:00:01 INFO:	[hmmsearch]	110 of 218 task(s) completed
2026-04-11 14:00:02 INFO:	[hmmsearch]	131 of 218 task(s) completed
2026-04-11 14:00:02 INFO:	[hmmsearch]	153 of 218 task(s) completed
2026-04-11 14:00:03 INFO:	[hmmsearch]	175 of 218 task(s) completed
2026-04-11 14:00:04 INFO:	[hmmsearch]	197 of 218 task(s) completed
2026-04-11 14:00:05 INFO:	[hmmsearch]	218 of 218 task(s) completed
2026-04-11 14:00:05 INFO:	Results:	C:99.5%[S:97.7%,D:1.8%],F:0.5%,M:0.0%,n:218	   

2026-04-11 14:00:05 INFO:	

    ---------------------------------------------------
    |Results from dataset firmicutes_odb10             |
    ---------------------------------------------------
    |C:99.5%[S:97.7%,D:1.8%],F:0.5%,M:0.0%,n:218       |
    |217    Complete BUSCOs (C)                        |
    |213    Complete and single-copy BUSCOs (S)        |
    |4    Complete and duplicated BUSCOs (D)           |
    |1    Fragmented BUSCOs (F)                        |
    |0    Missing BUSCOs (M)                           |
    |218    Total BUSCO groups searched                |
    ---------------------------------------------------
2026-04-11 14:00:05 INFO:	BUSCO analysis done. Total running time: 14 seconds
2026-04-11 14:00:05 INFO:	Results written in /home/gretap/Genome_analysis/results/04_post_assembly_qc/02_canu_spades_busco/spades_f
2026-04-11 14:00:05 INFO:	For assistance with interpreting the results, please consult the userguide: https://busco.ezlab.org/busco_userguide.html

2026-04-11 14:00:05 INFO:	Visit this page https://gitlab.com/ezlab/busco#how-to-cite-busco to see how to cite BUSCO
