TrimmomaticPE: Started with arguments:
 -threads 2 -phred33 ERR1797972_1.fastq.gz ERR1797972_2.fastq.gz ERR1797972_1_paired.fastq.gz ERR1797972_1_unpaired.fastq.gz ERR1797972_2_paired.fastq.gz ERR1797972_2_unpaired.fastq.gz ILLUMINACLIP:/sw/arch/eb/software/Trimmomatic/0.39-Java-17/adapters/TruSeq3-PE.fa:2:30:10 LEADING:3 TRAILING:3 SLIDINGWINDOW:4:15 MINLEN:36
Using PrefixPair: 'TACACTCTTTCCCTACACGACGCTCTTCCGATCT' and 'GTGACTGGAGTTCAGACGTGTGCTCTTCCGATCT'
ILLUMINACLIP: Using 1 prefix pairs, 0 forward/reverse sequences, 0 forward only sequences, 0 reverse only sequences
Input Read Pairs: 27078884 Both Surviving: 13896690 (51.32%) Forward Only Surviving: 11776428 (43.49%) Reverse Only Surviving: 48559 (0.18%) Dropped: 1357207 (5.01%)
TrimmomaticPE: Completed successfully
TrimmomaticPE: Started with arguments:
 -threads 2 -phred33 ERR1797973_1.fastq.gz ERR1797973_2.fastq.gz ERR1797973_1_paired.fastq.gz ERR1797973_1_unpaired.fastq.gz ERR1797973_2_paired.fastq.gz ERR1797973_2_unpaired.fastq.gz ILLUMINACLIP:/sw/arch/eb/software/Trimmomatic/0.39-Java-17/adapters/TruSeq3-PE.fa:2:30:10 LEADING:3 TRAILING:3 SLIDINGWINDOW:4:15 MINLEN:36
Using PrefixPair: 'TACACTCTTTCCCTACACGACGCTCTTCCGATCT' and 'GTGACTGGAGTTCAGACGTGTGCTCTTCCGATCT'
ILLUMINACLIP: Using 1 prefix pairs, 0 forward/reverse sequences, 0 forward only sequences, 0 reverse only sequences
Input Read Pairs: 23953340 Both Surviving: 13831750 (57.74%) Forward Only Surviving: 9150880 (38.20%) Reverse Only Surviving: 47394 (0.20%) Dropped: 923316 (3.85%)
TrimmomaticPE: Completed successfully
TrimmomaticPE: Started with arguments:
 -threads 2 -phred33 ERR1797974_1.fastq.gz ERR1797974_2.fastq.gz ERR1797974_1_paired.fastq.gz ERR1797974_1_unpaired.fastq.gz ERR1797974_2_paired.fastq.gz ERR1797974_2_unpaired.fastq.gz ILLUMINACLIP:/sw/arch/eb/software/Trimmomatic/0.39-Java-17/adapters/TruSeq3-PE.fa:2:30:10 LEADING:3 TRAILING:3 SLIDINGWINDOW:4:15 MINLEN:36
Using PrefixPair: 'TACACTCTTTCCCTACACGACGCTCTTCCGATCT' and 'GTGACTGGAGTTCAGACGTGTGCTCTTCCGATCT'
ILLUMINACLIP: Using 1 prefix pairs, 0 forward/reverse sequences, 0 forward only sequences, 0 reverse only sequences
Input Read Pairs: 23240177 Both Surviving: 12544127 (53.98%) Forward Only Surviving: 9574381 (41.20%) Reverse Only Surviving: 41596 (0.18%) Dropped: 1080073 (4.65%)
TrimmomaticPE: Completed successfully
TrimmomaticPE: Started with arguments:
 -threads 1 -phred33 ERR1797969_1.fastq.gz ERR1797969_2.fastq.gz ERR1797969_1_paired.fastq.gz ERR1797969_1_unpaired.fastq.gz ERR1797969_2_paired.fastq.gz ERR1797969_2_unpaired.fastq.gz ILLUMINACLIP:/sw/arch/eb/software/Trimmomatic/0.39-Java-17/adapters/TruSeq3-PE.fa:2:30:10 LEADING:3 TRAILING:3 SLIDINGWINDOW:4:15 MINLEN:36
Using PrefixPair: 'TACACTCTTTCCCTACACGACGCTCTTCCGATCT' and 'GTGACTGGAGTTCAGACGTGTGCTCTTCCGATCT'
ILLUMINACLIP: Using 1 prefix pairs, 0 forward/reverse sequences, 0 forward only sequences, 0 reverse only sequences
Input Read Pairs: 25937368 Both Surviving: 13206103 (50.92%) Forward Only Surviving: 11615499 (44.78%) Reverse Only Surviving: 45013 (0.17%) Dropped: 1070753 (4.13%)
TrimmomaticPE: Completed successfully
TrimmomaticPE: Started with arguments:
 -threads 1 -phred33 ERR1797970_1.fastq.gz ERR1797970_2.fastq.gz ERR1797970_1_paired.fastq.gz ERR1797970_1_unpaired.fastq.gz ERR1797970_2_paired.fastq.gz ERR1797970_2_unpaired.fastq.gz ILLUMINACLIP:/sw/arch/eb/software/Trimmomatic/0.39-Java-17/adapters/TruSeq3-PE.fa:2:30:10 LEADING:3 TRAILING:3 SLIDINGWINDOW:4:15 MINLEN:36
Using PrefixPair: 'TACACTCTTTCCCTACACGACGCTCTTCCGATCT' and 'GTGACTGGAGTTCAGACGTGTGCTCTTCCGATCT'
ILLUMINACLIP: Using 1 prefix pairs, 0 forward/reverse sequences, 0 forward only sequences, 0 reverse only sequences
Input Read Pairs: 26634380 Both Surviving: 14843614 (55.73%) Forward Only Surviving: 10530060 (39.54%) Reverse Only Surviving: 49898 (0.19%) Dropped: 1210808 (4.55%)
TrimmomaticPE: Completed successfully
TrimmomaticPE: Started with arguments:
 -threads 1 -phred33 ERR1797971_1.fastq.gz ERR1797971_2.fastq.gz ERR1797971_1_paired.fastq.gz ERR1797971_1_unpaired.fastq.gz ERR1797971_2_paired.fastq.gz ERR1797971_2_unpaired.fastq.gz ILLUMINACLIP:/sw/arch/eb/software/Trimmomatic/0.39-Java-17/adapters/TruSeq3-PE.fa:2:30:10 LEADING:3 TRAILING:3 SLIDINGWINDOW:4:15 MINLEN:36
Using PrefixPair: 'TACACTCTTTCCCTACACGACGCTCTTCCGATCT' and 'GTGACTGGAGTTCAGACGTGTGCTCTTCCGATCT'
ILLUMINACLIP: Using 1 prefix pairs, 0 forward/reverse sequences, 0 forward only sequences, 0 reverse only sequences
Input Read Pairs: 27609615 Both Surviving: 14186338 (51.38%) Forward Only Surviving: 11830281 (42.85%) Reverse Only Surviving: 47162 (0.17%) Dropped: 1545834 (5.60%)
TrimmomaticPE: Completed successfully
